<?xml version="1.0" encoding="UTF-8"?>
<testng-results skipped="0" failed="0" ignored="0" total="2" passed="2">
  <reporter-output>
  </reporter-output>
  <suite name="Default suite" duration-ms="74" started-at="2018-11-03T07:24:13Z" finished-at="2018-11-03T07:24:13Z">
    <groups>
    </groups>
    <test name="Default test" duration-ms="74" started-at="2018-11-03T07:24:13Z" finished-at="2018-11-03T07:24:13Z">
      <class name="assertionVerify.Soft">
        <test-method status="PASS" signature="test1()[pri:0, instance:assertionVerify.Soft@68c4039c]" name="test1" duration-ms="26" started-at="2018-11-03T07:24:13Z" finished-at="2018-11-03T07:24:13Z">
          <reporter-output>
          </reporter-output>
        </test-method> <!-- test1 -->
        <test-method status="PASS" signature="test2()[pri:0, instance:assertionVerify.Soft@68c4039c]" name="test2" duration-ms="0" started-at="2018-11-03T07:24:13Z" finished-at="2018-11-03T07:24:13Z">
          <reporter-output>
          </reporter-output>
        </test-method> <!-- test2 -->
      </class> <!-- assertionVerify.Soft -->
    </test> <!-- Default test -->
  </suite> <!-- Default suite -->
</testng-results>
